GET / 404 139 - 7.035 ms
GET / 200 86 - 7.346 ms
GET /favicon.ico 404 150 - 2.353 ms
GET / 404 284 - 6.457 ms
GET / 403 1378 - 10.313 ms
GET / 200 1367 - 6.109 ms
GET / 304 - - 3.510 ms
GET / 304 - - 0.826 ms
GET /? 200 1367 - 3.957 ms
GET /? 304 - - 0.573 ms
GET /? 304 - - 1.584 ms
GET /? 200 1471 - 5.246 ms
GET /socket.io/socket.io.js 404 161 - 1.663 ms
GET /? 304 - - 0.746 ms
GET /socket.io/socket.io.js 404 161 - 0.544 ms
GET /? 304 - - 6.131 ms
GET /socket.io/socket.io.js 404 161 - 1.721 ms
GET /? 200 1463 - 3.179 ms
GET /socket.io/socket.io.js 404 161 - 0.813 ms
GET /favicon.ico 404 150 - 0.620 ms
GET /? 200 1493 - 7.139 ms
GET /node_modules/socket.io/client-dist/socket.io.js 404 186 - 1.848 ms
GET / 200 1493 - 9.152 ms
GET /node_modules/socket.io/client-dist/socket.io.js 404 186 - 2.882 ms
GET / 304 - - 1.216 ms
GET /node_modules/socket.io/client-dist/socket.io.js 404 186 - 0.403 ms
GET / 304 - - 4.734 ms
GET /node_modules/socket.io/client-dist/socket.io.js 404 186 - 1.342 ms
GET / 304 - - 4.680 ms
GET /node_modules/socket.io/client-dist/socket.io.js 404 186 - 3.075 ms
GET / 304 - - 6.215 ms
GET /node_modules/socket.io/client-dist/socket.io.js 404 186 - 1.409 ms
GET / 304 - - 5.807 ms
GET /node_modules/socket.io/client-dist/socket.io.js 404 186 - 1.656 ms
GET / 304 - - 7.134 ms
GET /node_modules/socket.io/client-dist/socket.io.js 404 186 - 4.841 ms
GET / 304 - - 4.733 ms
GET /node_modules/socket.io/client-dist/socket.io.js 404 186 - 1.336 ms
GET / 304 - - 4.285 ms
GET /node_modules/socket.io/client-dist/socket.io.js 404 186 - 1.335 ms
GET / 200 1484 - 5.665 ms
GET /socket.io/?EIO=4&transport=polling&t=OJeFoxf 404 149 - 1.374 ms
GET /socket.io/?EIO=4&transport=polling&t=OJeFpF6 404 149 - 0.372 ms
GET /socket.io/?EIO=4&transport=polling&t=OJeFpml 404 149 - 0.348 ms
GET / 304 - - 1.419 ms
GET /socket.io/?EIO=4&transport=polling&t=OJeFq9U 404 149 - 0.284 ms
GET /socket.io/?EIO=4&transport=polling&t=OJeFqTB 404 149 - 0.360 ms
GET /socket.io/?EIO=4&transport=polling&t=OJeFrAk 404 149 - 0.375 ms
GET /? 200 1484 - 1.233 ms
GET /socket.io/?EIO=4&transport=polling&t=OJeFr_k 404 149 - 0.425 ms
GET /socket.io/?EIO=4&transport=polling&t=OJeFsDX 404 149 - 0.402 ms
GET /socket.io/?EIO=4&transport=polling&t=OJeFsxf 404 149 - 0.268 ms
GET /socket.io/?EIO=4&transport=polling&t=OJeFuAR 404 149 - 0.381 ms
GET /socket.io/?EIO=4&transport=polling&t=OJeFvgH 404 149 - 0.526 ms
GET /socket.io/?EIO=4&transport=polling&t=OJeFx67 404 149 - 0.260 ms
GET /socket.io/?EIO=4&transport=polling&t=OJeFyPT 404 149 - 4.356 ms
GET /? 200 1492 - 4.638 ms
GET /socket.io/?EIO=4&transport=polling&t=OJeFyku 404 149 - 0.712 ms
GET /socket.io/?EIO=4&transport=polling&t=OJeFyuz 404 149 - 0.322 ms
GET /socket.io/?EIO=4&transport=polling&t=OJeFzNs 404 149 - 0.341 ms
GET /socket.io/?EIO=4&transport=polling&t=OJeF-cj 404 149 - 0.353 ms
GET /socket.io/?EIO=4&transport=polling&t=OJeG00B 404 149 - 0.339 ms
GET /socket.io/?EIO=4&transport=polling&t=OJeG1Yw 404 149 - 0.305 ms
GET /socket.io/?EIO=4&transport=polling&t=OJeG30y 404 149 - 0.324 ms
GET /socket.io/?EIO=4&transport=polling&t=OJeG4SG 404 149 - 0.363 ms
GET /socket.io/?EIO=4&transport=polling&t=OJeG5re 404 149 - 0.323 ms
GET /socket.io/?EIO=4&transport=polling&t=OJeG7JO 404 149 - 0.288 ms
GET /socket.io/?EIO=4&transport=polling&t=OJeG8rT 404 149 - 0.396 ms
GET /socket.io/?EIO=4&transport=polling&t=OJeGAGE 404 149 - 0.429 ms
GET /socket.io/?EIO=4&transport=polling&t=OJeGBky 404 149 - 0.343 ms
GET /socket.io/?EIO=4&transport=polling&t=OJeGEnL 404 149 - 2.888 ms
GET /socket.io/?EIO=4&transport=polling&t=OJeGGE5 404 149 - 0.452 ms
GET /socket.io/?EIO=4&transport=polling&t=OJeGHSV 404 149 - 0.266 ms
GET /socket.io/?EIO=4&transport=polling&t=OJeGIh0 404 149 - 0.321 ms
GET /socket.io/?EIO=4&transport=polling&t=OJeGJvf 404 149 - 0.658 ms
GET /socket.io/?EIO=4&transport=polling&t=OJeGLFu 404 149 - 0.260 ms
GET /socket.io/?EIO=4&transport=polling&t=OJeGMir 404 149 - 0.349 ms
GET /socket.io/?EIO=4&transport=polling&t=OJeGOAw 404 149 - 0.336 ms
GET /socket.io/?EIO=4&transport=polling&t=OJeGPdI 404 149 - 0.371 ms
GET /? 200 1484 - 10.830 ms
GET /socket.io/?EIO=4&transport=polling&t=OJeGR7m 404 149 - 1.555 ms
GET /socket.io/?EIO=4&transport=polling&t=OJeGRUy 404 149 - 0.497 ms
GET /socket.io/?EIO=4&transport=polling&t=OJeGRmV 404 149 - 0.326 ms
GET /socket.io/?EIO=4&transport=polling&t=OJeGSKj 404 149 - 0.357 ms
GET /socket.io/?EIO=4&transport=polling&t=OJeGTZ0 404 149 - 0.349 ms
GET /socket.io/?EIO=4&transport=polling&t=OJeGU_2 404 149 - 0.315 ms
GET /socket.io/?EIO=4&transport=polling&t=OJeGWYJ 404 149 - 0.336 ms
GET /socket.io/?EIO=4&transport=polling&t=OJeGXmo 404 149 - 0.257 ms
GET /socket.io/?EIO=4&transport=polling&t=OJeGZ8s 404 149 - 0.230 ms
GET /socket.io/?EIO=4&transport=polling&t=OJeGact 404 149 - 2.961 ms
GET /? 200 1492 - 5.662 ms
GET /socket.io/?EIO=4&transport=polling&t=OJeGbu5 404 149 - 0.440 ms
GET /socket.io/?EIO=4&transport=polling&t=OJeGc7v 404 149 - 0.597 ms
GET /socket.io/?EIO=4&transport=polling&t=OJeGcrX 404 149 - 0.272 ms
GET /socket.io/?EIO=4&transport=polling&t=OJeGdXF 404 149 - 0.397 ms
GET /socket.io/?EIO=4&transport=polling&t=OJeGeo4 404 149 - 0.250 ms
GET /socket.io/?EIO=4&transport=polling&t=OJeGgEo 404 149 - 0.710 ms
GET /socket.io/?EIO=4&transport=polling&t=OJeGhjn 404 149 - 0.333 ms
GET /socket.io/?EIO=4&transport=polling&t=OJeGj9l 404 149 - 0.272 ms
GET /socket.io/?EIO=4&transport=polling&t=OJeGkiG 404 149 - 0.332 ms
GET /socket.io/?EIO=4&transport=polling&t=OJeGm4n 404 149 - 0.294 ms
GET /socket.io/?EIO=4&transport=polling&t=OJeGnax 404 149 - 0.262 ms
GET /socket.io/?EIO=4&transport=polling&t=OJeHQbD 404 149 - 3.369 ms
GET /socket.io/?EIO=4&transport=polling&t=OJeHS4u 404 149 - 0.911 ms
GET /socket.io/?EIO=4&transport=polling&t=OJeHTVb 404 149 - 0.510 ms
GET /socket.io/?EIO=4&transport=polling&t=OJeHV0p 404 149 - 0.275 ms
GET /socket.io/?EIO=4&transport=polling&t=OJeHXuI 404 149 - 3.030 ms
GET /? 304 - - 3.492 ms
GET /socket.io/?EIO=4&transport=polling&t=OJeHYRZ 404 149 - 0.462 ms
GET /socket.io/?EIO=4&transport=polling&t=OJeHYn8 404 149 - 1.272 ms
GET /socket.io/?EIO=4&transport=polling&t=OJeHZAW 404 149 - 0.360 ms
GET /socket.io/?EIO=4&transport=polling&t=OJeHZrK 404 149 - 0.364 ms
GET /socket.io/?EIO=4&transport=polling&t=OJeHbJJ 404 149 - 0.290 ms
GET /socket.io/?EIO=4&transport=polling&t=OJeHcrO 404 149 - 0.301 ms
GET /socket.io/?EIO=4&transport=polling&t=OJeHhDE 404 149 - 2.906 ms
GET /socket.io/?EIO=4&transport=polling&t=OJeHifd 404 149 - 0.413 ms
GET /socket.io/?EIO=4&transport=polling&t=OJeHk7K 404 149 - 0.498 ms
GET /socket.io/?EIO=4&transport=polling&t=OJeHlbo 404 149 - 0.355 ms
GET /socket.io/?EIO=4&transport=polling&t=OJeHn1c 404 149 - 0.354 ms
GET /socket.io/?EIO=4&transport=polling&t=OJeHoWe 404 149 - 0.370 ms
GET /socket.io/?EIO=4&transport=polling&t=OJeHp_P 404 149 - 0.364 ms
GET /socket.io/?EIO=4&transport=polling&t=OJeHrSN 404 149 - 0.325 ms
GET /socket.io/?EIO=4&transport=polling&t=OJeHsws 404 149 - 0.342 ms
GET /socket.io/?EIO=4&transport=polling&t=OJeHuNw 404 149 - 0.359 ms
GET /socket.io/?EIO=4&transport=polling&t=OJeHvs2 404 149 - 0.369 ms
GET /socket.io/?EIO=4&transport=polling&t=OJeHxK4 404 149 - 0.262 ms
GET /socket.io/?EIO=4&transport=polling&t=OJeHylO 404 149 - 0.387 ms
GET /socket.io/?EIO=4&transport=polling&t=OJeH-Mk 404 149 - 0.369 ms
GET /socket.io/?EIO=4&transport=polling&t=OJeH_pX 404 149 - 0.300 ms
GET /socket.io/?EIO=4&transport=polling&t=OJeI1DD 404 149 - 0.354 ms
GET /socket.io/?EIO=4&transport=polling&t=OJeI2jI 404 149 - 0.343 ms
GET /socket.io/?EIO=4&transport=polling&t=OJeI49W 404 149 - 0.333 ms
GET /socket.io/?EIO=4&transport=polling&t=OJeI5cq 404 149 - 0.327 ms
GET /socket.io/?EIO=4&transport=polling&t=OJeI72d 404 149 - 0.328 ms
GET /socket.io/?EIO=4&transport=polling&t=OJeI8Vy 404 149 - 0.345 ms
GET /socket.io/?EIO=4&transport=polling&t=OJeI9xn 404 149 - 0.340 ms
GET /socket.io/?EIO=4&transport=polling&t=OJeIA-O 404 149 - 0.371 ms
GET /socket.io/?EIO=4&transport=polling&t=OJeICVk 404 149 - 0.342 ms
GET /socket.io/?EIO=4&transport=polling&t=OJeIDqb 404 149 - 0.325 ms
GET /socket.io/?EIO=4&transport=polling&t=OJeILMo 404 149 - 0.250 ms
GET /socket.io/?EIO=4&transport=polling&t=OJeIMId 404 149 - 0.244 ms
GET /socket.io/?EIO=4&transport=polling&t=OJeINmO 404 149 - 0.322 ms
GET /socket.io/?EIO=4&transport=polling&t=OJeIPGR 404 149 - 0.329 ms
GET /socket.io/?EIO=4&transport=polling&t=OJeIQsP 404 149 - 0.252 ms
GET /socket.io/?EIO=4&transport=polling&t=OJeISGO 404 149 - 0.337 ms
GET /socket.io/?EIO=4&transport=polling&t=OJeITg- 404 149 - 0.284 ms
GET /socket.io/?EIO=4&transport=polling&t=OJeIV57 404 149 - 0.260 ms
GET /socket.io/?EIO=4&transport=polling&t=OJeIb13 404 149 - 2.876 ms
GET /socket.io/?EIO=4&transport=polling&t=OJeIcPu 404 149 - 1.082 ms
GET /socket.io/?EIO=4&transport=polling&t=OJeIdyb 404 149 - 0.351 ms
GET /socket.io/?EIO=4&transport=polling&t=OJeIfLO 404 149 - 0.356 ms
GET /socket.io/?EIO=4&transport=polling&t=OJeIgp9 404 149 - 0.399 ms
GET /socket.io/?EIO=4&transport=polling&t=OJeIiHx 404 149 - 0.378 ms
GET /socket.io/?EIO=4&transport=polling&t=OJeIjke 404 149 - 0.507 ms
GET /socket.io/?EIO=4&transport=polling&t=OJeIlCO 404 149 - 2.905 ms
GET /socket.io/?EIO=4&transport=polling&t=OJeImiE 404 149 - 0.532 ms
GET /? 304 - - 4.376 ms
GET /socket.io/?EIO=4&transport=polling&t=OJeIpPt 404 149 - 1.570 ms
GET /socket.io/?EIO=4&transport=polling&t=OJeIpmu 404 149 - 0.398 ms
GET /socket.io/?EIO=4&transport=polling&t=OJeIqKy 404 149 - 0.475 ms
GET /socket.io/?EIO=4&transport=polling&t=OJeIrqL 404 149 - 0.261 ms
GET /socket.io/?EIO=4&transport=polling&t=OJeItGZ 404 149 - 0.379 ms
GET /socket.io/?EIO=4&transport=polling&t=OJeIujn 404 149 - 0.355 ms
GET /socket.io/?EIO=4&transport=polling&t=OJeIwBX 404 149 - 2.956 ms
GET /socket.io/?EIO=4&transport=polling&t=OJeIxik 404 149 - 0.557 ms
GET /socket.io/?EIO=4&transport=polling&t=OJeIz9Y 404 149 - 0.364 ms
GET /socket.io/?EIO=4&transport=polling&t=OJeI-hA 404 149 - 0.356 ms
GET /socket.io/?EIO=4&transport=polling&t=OJeJ09q 404 149 - 0.340 ms
GET /socket.io/?EIO=4&transport=polling&t=OJeJ4Vp 404 149 - 2.963 ms
GET /socket.io/?EIO=4&transport=polling&t=OJeJ5vZ 404 149 - 0.785 ms
GET /socket.io/?EIO=4&transport=polling&t=OJeJ77v 404 149 - 3.420 ms
GET /? 200 1487 - 6.707 ms
GET /socket.io/?EIO=4&transport=polling&t=OJeJ7c5 404 149 - 0.431 ms
GET /socket.io/?EIO=4&transport=polling&t=OJeJ7zc 404 149 - 0.309 ms
GET /socket.io/?EIO=4&transport=polling&t=OJeJ8Ow 404 149 - 0.344 ms
GET /socket.io/?EIO=4&transport=polling&t=OJeJ9Gg 404 149 - 0.371 ms
GET /socket.io/?EIO=4&transport=polling&t=OJeJAUz 404 149 - 0.390 ms
GET /socket.io/?EIO=4&transport=polling&t=OJeJBtc 404 149 - 0.347 ms
GET /socket.io/?EIO=4&transport=polling&t=OJeJDEI 404 149 - 0.325 ms
GET /socket.io/?EIO=4&transport=polling&t=OJeJEmq 404 149 - 0.742 ms
GET /socket.io/?EIO=4&transport=polling&t=OJeJGHP 404 149 - 0.290 ms
GET /socket.io/?EIO=4&transport=polling&t=OJeJHdY 404 149 - 0.262 ms
GET /socket.io/?EIO=4&transport=polling&t=OJeJJ7R 404 149 - 0.355 ms
GET /socket.io/?EIO=4&transport=polling&t=OJeJKf4 404 149 - 0.312 ms
GET /socket.io/?EIO=4&transport=polling&t=OJeJM5x 404 149 - 0.269 ms
GET /socket.io/?EIO=4&transport=polling&t=OJeJZCY 404 149 - 2.644 ms
GET /socket.io/?EIO=4&transport=polling&t=OJeJagO 404 149 - 0.382 ms
GET /socket.io/?EIO=4&transport=polling&t=OJeJdls 404 149 - 2.945 ms
GET /socket.io/?EIO=4&transport=polling&t=OJeJe-Q 404 149 - 0.570 ms
GET / 200 1515 - 13.124 ms
GET /socket.io/?EIO=4&transport=polling&t=OJeJhE- 404 149 - 0.830 ms
GET /socket.io/?EIO=4&transport=polling&t=OJeJhXk 404 149 - 0.364 ms
GET /socket.io/?EIO=4&transport=polling&t=OJeJhye 404 149 - 0.496 ms
GET /socket.io/?EIO=4&transport=polling&t=OJeJjEl 404 149 - 0.323 ms
GET /socket.io/?EIO=4&transport=polling&t=OJeJkiQ 404 149 - 0.327 ms
GET /socket.io/?EIO=4&transport=polling&t=OJeJmCB 404 149 - 0.391 ms
GET /socket.io/?EIO=4&transport=polling&t=OJeJncR 404 149 - 0.339 ms
GET /socket.io/?EIO=4&transport=polling&t=OJeJp6C 404 149 - 0.363 ms
GET /socket.io/?EIO=4&transport=polling&t=OJeJqLm 404 149 - 2.687 ms
GET / 200 1494 - 4.721 ms
GET /socket.io/socket.io.js 404 161 - 0.363 ms
GET / 304 - - 6.586 ms
GET /socket.io/socket.io.js 404 161 - 1.288 ms
GET / 200 1515 - 8.064 ms
GET /socket.io/?EIO=4&transport=polling&t=OJeKBDC 404 149 - 1.417 ms
GET /socket.io/?EIO=4&transport=polling&t=OJeKBYS 404 149 - 0.493 ms
GET /socket.io/?EIO=4&transport=polling&t=OJeKB_b 404 149 - 0.313 ms
GET /socket.io/?EIO=4&transport=polling&t=OJeKDXd 404 149 - 0.239 ms
GET /socket.io/?EIO=4&transport=polling&t=OJeKEyV 404 149 - 0.357 ms
GET /socket.io/?EIO=4&transport=polling&t=OJeKGND 404 149 - 0.343 ms
GET /socket.io/?EIO=4&transport=polling&t=OJeKHbY 404 149 - 2.830 ms
GET /socket.io/?EIO=4&transport=polling&t=OJeKJ7z 404 149 - 0.646 ms
GET /socket.io/?EIO=4&transport=polling&t=OJeKKav 404 149 - 0.698 ms
GET /socket.io/?EIO=4&transport=polling&t=OJeKM5G 404 149 - 0.334 ms
GET /socket.io/?EIO=4&transport=polling&t=OJeKNSM 404 149 - 0.312 ms
GET / 200 1492 - 12.923 ms
GET /socket.io/?EIO=4&transport=polling&t=OJeKo2_ 404 149 - 1.293 ms
GET /socket.io/?EIO=4&transport=polling&t=OJeKoZe 404 149 - 0.396 ms
GET /socket.io/?EIO=4&transport=polling&t=OJeKpNd 404 149 - 0.350 ms
GET /socket.io/?EIO=4&transport=polling&t=OJeKqMj 404 149 - 0.253 ms
GET /socket.io/?EIO=4&transport=polling&t=OJeKrbY 404 149 - 0.373 ms
GET /socket.io/?EIO=4&transport=polling&t=OJeKsy0 404 149 - 0.342 ms
GET / 200 1492 - 5.900 ms
GET / 304 - - 31.298 ms
GET /? 200 2095 - 13.300 ms
GET / 200 2107 - 9.598 ms
GET /? 200 2107 - 1.245 ms
GET /? 304 - - 1.052 ms
GET / 304 - - 6.450 ms
GET /? 304 - - 1.302 ms
GET /? 304 - - 1.057 ms
GET / 200 2095 - 8.528 ms
GET / 304 - - 5.887 ms
GET / 304 - - 6.770 ms
GET / 200 86 - 22.714 ms
GET / 200 409 - 4.977 ms
GET /chat 200 2095 - 3.236 ms
GET / 200 572 - 5.721 ms
GET / 200 627 - 0.861 ms
GET / 200 652 - 0.934 ms
GET / 200 681 - 0.711 ms
GET / 200 703 - 0.871 ms
GET / 404 139 - 5.366 ms
GET / 404 139 - 1.773 ms
GET / 200 703 - 11.995 ms
GET / 200 955 - 5.816 ms
GET /?email=joel%40opopmedia.co.uk&password=testing 200 955 - 4.082 ms
GET /?email=joel%40opopmedia.co.uk&password=testing 200 987 - 1.203 ms
GET /favicon.ico 404 150 - 2.031 ms
GET /?email=joel%40opopmedia.co.uk&password=testing 200 984 - 2.521 ms
GET /?email=joel%40opopmedia.co.uk&password=testing 304 - - 4.170 ms
GET /?email=joel%40opopmedia.co.uk&password=testing 304 - - 0.784 ms
GET /?email=joel%40opopmedia.co.uk&password=testing 304 - - 0.582 ms
GET /?email=joel%40opopmedia.co.uk&password=testing 200 1018 - 2.539 ms
GET /favicon.ico 404 150 - 0.616 ms
GET /?email=joel%40opopmedia.co.uk&password=testing 304 - - 2.408 ms
GET / 200 1018 - 5.075 ms
GET /?email=joel%40opopmedia.co.uk&password=testing 304 - - 0.788 ms
GET /?email=joel%40opopmedia.co.uk&password=testing 200 1022 - 1.538 ms
GET /favicon.ico 404 150 - 0.417 ms
GET /?email=joel%40opopmedia.co.uk&password=testing 304 - - 6.374 ms
GET /?email=joel%40opopmedia.co.uk&password=testing 200 1054 - 1.382 ms
GET /favicon.ico 404 150 - 0.355 ms
GET /?email=joel%40opopmedia.co.uk&password=testing 200 1056 - 2.859 ms
GET /favicon.ico 404 150 - 0.772 ms
GET / 200 1170 - 1.275 ms
GET / 200 1170 - 1.023 ms
GET /?email=joel%40opopmedia.co.uk&password=testing 200 1170 - 2.635 ms
GET /?email=joel%40opopmedia.co.uk&password=testing 304 - - 1.122 ms
GET /?email=joel%40opopmedia.co.uk&password=testing 200 1226 - 0.918 ms
GET /?email=joel%40opopmedia.co.uk&password=testing 304 - - 18.419 ms
GET /?email=joel%40opopmedia.co.uk&password=testing 304 - - 1.346 ms
GET /?email=joel%40opopmedia.co.uk&password=testing 200 1224 - 1.260 ms
GET /?email=joel%40opopmedia.co.uk&password=testing 200 1225 - 1.074 ms
GET /?email=joel%40opopmedia.co.uk&password=testing 200 1235 - 5.399 ms
GET /?email=joel%40opopmedia.co.uk&password=testing 200 1234 - 0.866 ms
GET /?email=joel%40opopmedia.co.uk&password=testing 200 1233 - 0.824 ms
GET /?email=joel%40opopmedia.co.uk&password=testing 200 1230 - 1.427 ms
GET /?email=joel%40opopmedia.co.uk&password=testing 200 1061 - 1.005 ms
GET /?email=joel%40opopmedia.co.uk&password=testing 304 - - 0.796 ms
GET /?email=joel%40opopmedia.co.uk&password=testing 304 - - 0.855 ms
GET /?email=joel%40opopmedia.co.uk&password=testing 304 - - 0.832 ms
GET /?email=joel%40opopmedia.co.uk&password=testing 304 - - 0.560 ms
GET /?email=joel%40opopmedia.co.uk&password=testing 200 1022 - 1.248 ms
GET /?email=joel%40opopmedia.co.uk&password=testing 304 - - 0.865 ms
GET /?email=joel%40opopmedia.co.uk&password=testing 200 1025 - 2.376 ms
GET /?email=joel%40opopmedia.co.uk&password=testing 304 - - 1.564 ms
GET /?email=joel%40opopmedia.co.uk&password=testing 304 - - 0.469 ms
GET /?email=joel%40opopmedia.co.uk&password=testing 304 - - 1.872 ms
GET /?email=joel%40opopmedia.co.uk&password=testing 304 - - 0.630 ms
GET /?email=joel%40opopmedia.co.uk&password=testing 304 - - 0.590 ms
GET /?email=joel%40opopmedia.co.uk&password=testing 304 - - 1.698 ms
GET /?email=joel%40opopmedia.co.uk&password=testing 200 1024 - 1.298 ms
GET /?email=joel%40opopmedia.co.uk&password=testing 304 - - 0.877 ms
GET /?email=joel%40opopmedia.co.uk&password=testing 304 - - 0.471 ms
GET /?email=joel%40opopmedia.co.uk&password=testing 304 - - 1.143 ms
GET /?email=joel%40opopmedia.co.uk&password=testing 200 1048 - 0.722 ms
GET /?email=joel%40opopmedia.co.uk&password=testing 304 - - 0.773 ms
GET /?email=joel%40opopmedia.co.uk&password=testing 304 - - 1.679 ms
GET /?email=joel%40opopmedia.co.uk&password=testing 304 - - 1.558 ms
GET /?email=joel%40opopmedia.co.uk&password=testing 304 - - 0.763 ms
GET /?email=joel%40opopmedia.co.uk&password=testing 304 - - 0.550 ms
GET /?email=joel%40opopmedia.co.uk&password=testing 200 1077 - 0.600 ms
GET /?email=joel%40opopmedia.co.uk&password=testing 304 - - 1.644 ms
GET /?email=joel%40opopmedia.co.uk&password=testing 200 1079 - 1.099 ms
GET /?email=joel%40opopmedia.co.uk&password=testing 200 1064 - 14.102 ms
GET /chat 304 - - 1.295 ms
GET /?email=joel%40opopmedia.co.uk&password=testing 200 1037 - 6.086 ms
GET /signup 404 145 - 1.883 ms
GET /signup 200 730 - 6.444 ms
GET / 200 1037 - 3.241 ms
GET /signup 304 - - 0.957 ms
GET /signup 304 - - 0.938 ms
GET /signup?email=joel%40opopmedia.co.uk&password=testing&Confirm+password= 200 763 - 9.045 ms
POST /signup/create-user - - - - ms
GET /signup?email=joel%40opopmedia.co.uk&password=testing&Confirm+password= 200 763 - 6.576 ms
GET /signup 200 763 - 15.948 ms
POST /signup/create-user - - - - ms
GET /signup 200 763 - 11.903 ms
GET /signup 304 - - 12.247 ms
GET /signup 304 - - 5.669 ms
POST /signup/create-user 422 52 - 26.071 ms
GET / 200 1037 - 15.457 ms
GET /favicon.ico 404 150 - 1.849 ms
GET /chat 200 2095 - 4.974 ms
GET / 304 - - 9.365 ms
GET /chat 304 - - 1.080 ms
GET / 304 - - 7.232 ms
GET /chat 200 2088 - 3.511 ms
GET /chat 200 2095 - 6.628 ms
GET /chat 304 - - 3.276 ms
GET /chat 304 - - 3.593 ms
GET /chat 304 - - 4.330 ms
GET / 304 - - 2.146 ms
GET /chat 304 - - 1.130 ms
GET / 200 1037 - 12.154 ms
GET /favicon.ico 404 150 - 1.387 ms
GET /chat 200 2095 - 59.404 ms
GET /chat 304 - - 8.320 ms
GET /chat? 200 2095 - 2.959 ms
GET /chat? 304 - - 3.069 ms
GET /chat? 304 - - 1.368 ms
GET /chat? 304 - - 1.084 ms
GET / 304 - - 5.374 ms
GET / 304 - - 0.782 ms
GET / 200 1037 - 8.484 ms
GET /favicon.ico 404 150 - 1.263 ms
GET /signup 200 894 - 8.232 ms
POST /signup/create-user 422 52 - 21.538 ms
GET / 304 - - 2.578 ms
GET /signup 304 - - 1.936 ms
GET / 304 - - 3.268 ms
GET /signup 200 931 - 6.378 ms
POST /signup/create-user - - - - ms
POST /signup/create-user 422 52 - 4.375 ms
POST /signup/create-user - - - - ms
GET /signup 200 933 - 7.711 ms
GET /favicon.ico 404 150 - 1.198 ms
POST /signup/create-user 422 52 - 3.531 ms
GET /signup 200 943 - 8.737 ms
GET /signup 200 961 - 17.841 ms
GET /chat 304 - - 7.967 ms
GET / 304 - - 2.022 ms
GET /chat 304 - - 2.647 ms
GET /chat 200 2095 - 12.116 ms
GET /favicon.ico 404 150 - 1.209 ms
GET /signup 200 960 - 29.853 ms
GET /signup 200 1064 - 8.250 ms
GET /favicon.ico 404 150 - 23.340 ms
POST /signup/create-user 500 1737 - 66.341 ms
POST /signup/create-user 422 52 - 31.991 ms
POST /signup/create-user 200 36 - 19.658 ms
POST /signup/create-user 200 36 - 5.324 ms
OPTIONS /signup/create-user 200 4 - 4.221 ms
GET / 200 50 - 17.581 ms
GET /favicon.ico 404 150 - 3.471 ms
GET / 200 80 - 4.580 ms
OPTIONS /signup/create-user 200 4 - 2.129 ms
OPTIONS /signup/create-user 200 0 - 1.627 ms
OPTIONS /signup/create-user 200 0 - 1.501 ms
POST /signup/create-user 200 16 - 12.148 ms
